<?xml version="1.0" encoding="UTF-8"?>
<!-- Generated by org.testng.reporters.JUnitXMLReporter -->
<testsuite hostname="ZULU" ignored="0" name="SelStk" tests="1" failures="0" timestamp="2019-12-17T12:42:15 IST" time="33.316" errors="0">
  <testcase name="@BeforeTest open" time="33.262" classname="Girish.OSS.testcases.POM_PM_SS_TC">
    <failure type="java.io.FileNotFoundException" message="C:\Users\GIRISH\Desktop\Dropdowns Expected.xlsx (The system cannot find the file specified)">
      <![CDATA[java.io.FileNotFoundException: C:\Users\GIRISH\Desktop\Dropdowns Expected.xlsx (The system cannot find the file specified)
at java.io.FileInputStream.open0(Native Method)
at java.io.FileInputStream.open(Unknown Source)
at java.io.FileInputStream.<init>(Unknown Source)
at java.io.FileInputStream.<init>(Unknown Source)
at Girish.OSS.testcases.POM_PM_SS_TC.open(POM_PM_SS_TC.java:54)
... Removed 24 stack frames]]>
    </failure>
  </testcase> <!-- @BeforeTest open -->
  <testcase name="@AfterTest close" time="-1.576566701639E9" classname="Girish.OSS.testcases.POM_PM_SS_TC">
    <skipped/>
  </testcase> <!-- @AfterTest close -->
  <testcase name="verSSDrop" time="0.0" classname="Girish.OSS.testcases.POM_PM_SS_TC">
    <skipped/>
  </testcase> <!-- verSSDrop -->
</testsuite> <!-- SelStk -->
