<?xml version="1.0" encoding="UTF-8"?>
<!-- Generated by org.testng.reporters.JUnitXMLReporter -->
<testsuite hostname="ZULU" ignored="0" name="Test" tests="2" failures="1" timestamp="2019-12-09T00:37:56 IST" time="59.09" errors="0">
  <testcase name="verSSDrop" time="19.758" classname="Girish.OSS.testcases.POM_PM_SS_TC"/>
  <testcase name="verSCDrop" time="18.592" classname="Girish.OSS.testcases.POM_PM_SC_TC">
    <failure type="java.lang.NullPointerException">
      <![CDATA[java.lang.NullPointerException
at Girish.OSS.testcases.POM_PM_SC_TC.verSCDrop(POM_PM_SC_TC.java:103)
at java.util.ArrayList.forEach(Unknown Source)
... Removed 27 stack frames]]>
    </failure>
  </testcase> <!-- verSCDrop -->
</testsuite> <!-- Test -->
